mode: set
github.com/igolubevJ/bookings/internal/handlers/handlers.go:23.47,27.2 1 1
github.com/igolubevJ/bookings/internal/handlers/handlers.go:30.33,32.2 1 1
github.com/igolubevJ/bookings/internal/handlers/handlers.go:35.67,40.2 3 1
github.com/igolubevJ/bookings/internal/handlers/handlers.go:43.74,53.2 4 1
github.com/igolubevJ/bookings/internal/handlers/handlers.go:56.78,58.16 2 1
github.com/igolubevJ/bookings/internal/handlers/handlers.go:63.2,75.19 6 1
github.com/igolubevJ/bookings/internal/handlers/handlers.go:87.2,88.66 2 1
github.com/igolubevJ/bookings/internal/handlers/handlers.go:58.16,61.3 2 0
github.com/igolubevJ/bookings/internal/handlers/handlers.go:75.19,85.3 4 0
github.com/igolubevJ/bookings/internal/handlers/handlers.go:92.71,94.2 1 1
github.com/igolubevJ/bookings/internal/handlers/handlers.go:97.69,99.2 1 1
github.com/igolubevJ/bookings/internal/handlers/handlers.go:102.75,104.2 1 1
github.com/igolubevJ/bookings/internal/handlers/handlers.go:107.79,113.2 4 1
github.com/igolubevJ/bookings/internal/handlers/handlers.go:121.79,128.16 3 1
github.com/igolubevJ/bookings/internal/handlers/handlers.go:132.2,133.14 2 1
github.com/igolubevJ/bookings/internal/handlers/handlers.go:128.16,130.3 1 0
github.com/igolubevJ/bookings/internal/handlers/handlers.go:137.70,139.2 1 1
github.com/igolubevJ/bookings/internal/handlers/handlers.go:142.68,154.2 5 1
github.com/igolubevJ/bookings/internal/handlers/handlers.go:157.81,160.9 2 1
github.com/igolubevJ/bookings/internal/handlers/handlers.go:167.2,174.4 4 0
github.com/igolubevJ/bookings/internal/handlers/handlers.go:160.9,165.3 4 1
